<?xml version="1.0" encoding="UTF-8"?>
<testng-results ignored="0" total="2" passed="2" failed="0" skipped="0">
  <reporter-output>
  </reporter-output>
  <suite started-at="2025-07-22T16:29:19 IST" name="Default suite" finished-at="2025-07-22T16:29:28 IST" duration-ms="9467">
    <groups>
    </groups>
    <test started-at="2025-07-22T16:29:19 IST" name="Default test" finished-at="2025-07-22T16:29:28 IST" duration-ms="9467">
      <class name="Automation_Scripts.Deposit">
        <test-method is-config="true" signature="setup()[pri:0, instance:Automation_Scripts.Deposit@15de0b3c]" started-at="2025-07-22T16:29:16 IST" name="setup" finished-at="2025-07-22T16:29:19 IST" duration-ms="3034" status="PASS">
          <reporter-output>
          </reporter-output>
        </test-method> <!-- setup -->
        <test-method signature="login()[pri:0, instance:Automation_Scripts.Deposit@15de0b3c]" started-at="2025-07-22T16:29:19 IST" name="login" finished-at="2025-07-22T16:29:23 IST" duration-ms="3639" status="PASS">
          <reporter-output>
          </reporter-output>
        </test-method> <!-- login -->
        <test-method signature="deposit()[pri:1, instance:Automation_Scripts.Deposit@15de0b3c]" started-at="2025-07-22T16:29:23 IST" name="deposit" finished-at="2025-07-22T16:29:28 IST" duration-ms="5786" status="PASS">
          <reporter-output>
          </reporter-output>
        </test-method> <!-- deposit -->
        <test-method is-config="true" signature="teardown()[pri:0, instance:Automation_Scripts.Deposit@15de0b3c]" started-at="2025-07-22T16:29:28 IST" name="teardown" finished-at="2025-07-22T16:29:29 IST" duration-ms="388" status="PASS">
          <reporter-output>
          </reporter-output>
        </test-method> <!-- teardown -->
      </class> <!-- Automation_Scripts.Deposit -->
    </test> <!-- Default test -->
  </suite> <!-- Default suite -->
</testng-results>
