<?xml version="1.0" encoding="UTF-8"?>
<testng-results ignored="0" total="2" passed="2" failed="0" skipped="0">
  <reporter-output>
  </reporter-output>
  <suite started-at="2025-07-22T16:46:43 IST" name="XYX Bank Test Suite 01" finished-at="2025-07-22T16:46:52 IST" duration-ms="9413">
    <groups>
    </groups>
    <test started-at="2025-07-22T16:46:43 IST" name="Test Cases" finished-at="2025-07-22T16:46:52 IST" duration-ms="9413">
      <class name="Automation_Scripts.Deposit">
        <test-method is-config="true" signature="setup()[pri:0, instance:Automation_Scripts.Deposit@31190526]" started-at="2025-07-22T16:46:38 IST" name="setup" finished-at="2025-07-22T16:46:43 IST" duration-ms="4365" status="PASS">
          <reporter-output>
          </reporter-output>
        </test-method> <!-- setup -->
        <test-method signature="login()[pri:0, instance:Automation_Scripts.Deposit@31190526]" started-at="2025-07-22T16:46:43 IST" name="login" finished-at="2025-07-22T16:46:47 IST" duration-ms="4194" status="PASS">
          <reporter-output>
          </reporter-output>
        </test-method> <!-- login -->
        <test-method signature="deposit()[pri:1, instance:Automation_Scripts.Deposit@31190526]" started-at="2025-07-22T16:46:47 IST" name="deposit" finished-at="2025-07-22T16:46:52 IST" duration-ms="5171" status="PASS">
          <reporter-output>
          </reporter-output>
        </test-method> <!-- deposit -->
        <test-method is-config="true" signature="teardown()[pri:0, instance:Automation_Scripts.Deposit@31190526]" started-at="2025-07-22T16:46:52 IST" name="teardown" finished-at="2025-07-22T16:46:52 IST" duration-ms="341" status="PASS">
          <reporter-output>
          </reporter-output>
        </test-method> <!-- teardown -->
      </class> <!-- Automation_Scripts.Deposit -->
    </test> <!-- Test Cases -->
  </suite> <!-- XYX Bank Test Suite 01 -->
</testng-results>
